2020-03-14 22:19:27 INFO  Manager:74 - [{"country":null,"address":"St.Peterburg","index":0,"email":null}]
2020-03-14 22:19:27 INFO  Manager:76 - [Publishing(country=null, address=St.Peterburg, index=0, email=null)]
2020-03-14 22:19:27 INFO  Manager:78 - [{"firstName":"Herbert","lastName":"Schildt","year":0,"gender":null,"note":null}]
2020-03-14 22:19:27 INFO  Manager:80 - [Author(firstName=Herbert, lastName=Schildt, year=0, gender=null, note=null)]
2020-03-14 22:19:27 INFO  Manager:82 - [{"title":"Java the complete reference","year":0,"publishing":"St.Peterburg","date":null,"countOfInstances":0,"image":null,"authorsFirstNames":null,"authorsLastNames":null,"readersFirstNames":["Martin"],"readersLastNames":["Stolz"]},{"title":"Philosophy of java","year":0,"publishing":null,"date":null,"countOfInstances":0,"image":null,"authorsFirstNames":null,"authorsLastNames":null,"readersFirstNames":[],"readersLastNames":[]}]
2020-03-14 22:19:27 INFO  Manager:84 - [Book(title=Java the complete reference, year=0, publishing=Optional[St.Peterburg], date=null, countOfInstances=0, image=null, authorsFirstNames=Optional.empty, authorsLastNames=Optional.empty, readersFirstNames=Optional[[Martin]], readersLastNames=Optional[[Stolz]]), Book(title=Philosophy of java, year=0, publishing=Optional.empty, date=null, countOfInstances=0, image=null, authorsFirstNames=Optional.empty, authorsLastNames=Optional.empty, readersFirstNames=Optional[[]], readersLastNames=Optional[[]])]
2020-03-14 22:19:27 INFO  Manager:86 - [{"firstName":"Alex","lastName":"Novak","year":0,"email":null,"phone":null,"image":null,"rent":null},{"firstName":"Anna","lastName":"Polonskaya","year":0,"email":null,"phone":null,"image":null,"rent":null},{"firstName":"Martin","lastName":"Stolz","year":0,"email":null,"phone":null,"image":null,"rent":{"book":"Java the complete reference","startDate":null,"endDate":null}}]
2020-03-14 22:19:27 INFO  Manager:88 - [Reader(firstName=Alex, lastName=Novak, year=0, email=null, phone=null, image=null, rent=Optional.empty), Reader(firstName=Anna, lastName=Polonskaya, year=0, email=null, phone=null, image=null, rent=Optional.empty), Reader(firstName=Martin, lastName=Stolz, year=0, email=null, phone=null, image=null, rent=Optional[Reader.Rent(book=Java the complete reference, startDate=null, endDate=null)])]
2020-03-14 22:19:27 INFO  Manager:104 - {"firstName":"Herbert","lastName":"Schildt","year":0,"gender":"MAN","note":null}
2020-03-14 22:19:27 INFO  Manager:105 - Author(firstName=Herbert, lastName=Schildt, year=0, gender=MAN, note=null)
2020-03-14 22:19:27 INFO  Manager:107 - {"country":"Russia","address":"St.Peterburg","index":0,"email":null}
2020-03-14 22:19:27 INFO  Manager:108 - Publishing(country=Russia, address=St.Peterburg, index=0, email=null)
2020-03-14 22:19:27 INFO  Manager:110 - {"title":"Java the complete reference","year":2013,"publishing":"St.Peterburg","date":null,"countOfInstances":1,"image":null,"authorsFirstNames":[],"authorsLastNames":[],"readersFirstNames":null,"readersLastNames":null}
2020-03-14 22:19:27 INFO  Manager:111 - Book(title=Java the complete reference, year=2013, publishing=Optional[St.Peterburg], date=null, countOfInstances=1, image=null, authorsFirstNames=Optional[[]], authorsLastNames=Optional[[]], readersFirstNames=Optional.empty, readersLastNames=Optional.empty)
2020-03-14 22:19:27 INFO  Manager:113 - {"firstName":"Martin","lastName":"Stolz","year":1998,"email":"martinstolz@gmail.com","phone":null,"image":null,"rent":null}
2020-03-14 22:19:27 INFO  Manager:114 - Reader(firstName=Martin, lastName=Stolz, year=1998, email=martinstolz@gmail.com, phone=null, image=null, rent=Optional.empty)
2020-03-14 22:19:27 INFO  Manager:115 - Reader.Rent(book=Java the complete reference, startDate=1970-01-01, endDate=1970-01-01)
2020-03-14 22:19:27 INFO  Manager:118 - Result of searching Book(title=Java the complete reference, year=2013, publishing=Optional[St.Peterburg], date=null, countOfInstances=1, image=null, authorsFirstNames=Optional[[]], authorsLastNames=Optional[[]], readersFirstNames=Optional.empty, readersLastNames=Optional.empty)
2020-03-14 22:24:07 INFO  Manager:74 - [{"country":null,"address":"St.Peterburg","index":0,"email":null}]
2020-03-14 22:24:07 INFO  Manager:76 - [Publishing(country=null, address=St.Peterburg, index=0, email=null)]
2020-03-14 22:24:07 INFO  Manager:78 - [{"firstName":"Herbert","lastName":"Schildt","year":0,"gender":null,"note":null}]
2020-03-14 22:24:07 INFO  Manager:80 - [Author(firstName=Herbert, lastName=Schildt, year=0, gender=null, note=null)]
2020-03-14 22:24:07 INFO  Manager:82 - [{"title":"Java the complete reference","year":0,"publishing":"St.Peterburg","date":null,"countOfInstances":0,"image":null,"authorsFirstNames":null,"authorsLastNames":null,"readersFirstNames":["Martin"],"readersLastNames":["Stolz"]},{"title":"Philosophy of java","year":0,"publishing":null,"date":null,"countOfInstances":0,"image":null,"authorsFirstNames":null,"authorsLastNames":null,"readersFirstNames":[],"readersLastNames":[]}]
2020-03-14 22:24:07 INFO  Manager:84 - [Book(title=Java the complete reference, year=0, publishing=Optional[St.Peterburg], date=null, countOfInstances=0, image=null, authorsFirstNames=Optional.empty, authorsLastNames=Optional.empty, readersFirstNames=Optional[[Martin]], readersLastNames=Optional[[Stolz]]), Book(title=Philosophy of java, year=0, publishing=Optional.empty, date=null, countOfInstances=0, image=null, authorsFirstNames=Optional.empty, authorsLastNames=Optional.empty, readersFirstNames=Optional[[]], readersLastNames=Optional[[]])]
2020-03-14 22:24:07 INFO  Manager:86 - [{"firstName":"Alex","lastName":"Novak","year":0,"email":null,"phone":null,"image":null,"rent":null},{"firstName":"Anna","lastName":"Polonskaya","year":0,"email":null,"phone":null,"image":null,"rent":null},{"firstName":"Martin","lastName":"Stolz","year":0,"email":null,"phone":null,"image":null,"rent":{"book":"Java the complete reference","startDate":null,"endDate":null}}]
2020-03-14 22:24:07 INFO  Manager:88 - [Reader(firstName=Alex, lastName=Novak, year=0, email=null, phone=null, image=null, rent=Optional.empty), Reader(firstName=Anna, lastName=Polonskaya, year=0, email=null, phone=null, image=null, rent=Optional.empty), Reader(firstName=Martin, lastName=Stolz, year=0, email=null, phone=null, image=null, rent=Optional[Reader.Rent(book=Java the complete reference, startDate=null, endDate=null)])]
2020-03-14 22:24:07 INFO  Manager:104 - {"firstName":"Herbert","lastName":"Schildt","year":0,"gender":"MAN","note":null}
2020-03-14 22:24:07 INFO  Manager:105 - Author(firstName=Herbert, lastName=Schildt, year=0, gender=MAN, note=null)
2020-03-14 22:24:07 INFO  Manager:107 - {"country":"Russia","address":"St.Peterburg","index":0,"email":null}
2020-03-14 22:24:07 INFO  Manager:108 - Publishing(country=Russia, address=St.Peterburg, index=0, email=null)
2020-03-14 22:24:07 INFO  Manager:110 - {"title":"Java the complete reference","year":2013,"publishing":"St.Peterburg","date":null,"countOfInstances":1,"image":null,"authorsFirstNames":[],"authorsLastNames":[],"readersFirstNames":null,"readersLastNames":null}
2020-03-14 22:24:07 INFO  Manager:111 - Book(title=Java the complete reference, year=2013, publishing=Optional[St.Peterburg], date=null, countOfInstances=1, image=null, authorsFirstNames=Optional[[]], authorsLastNames=Optional[[]], readersFirstNames=Optional.empty, readersLastNames=Optional.empty)
2020-03-14 22:24:07 INFO  Manager:113 - {"firstName":"Martin","lastName":"Stolz","year":1998,"email":"martinstolz@gmail.com","phone":null,"image":null,"rent":null}
2020-03-14 22:24:07 INFO  Manager:114 - Reader(firstName=Martin, lastName=Stolz, year=1998, email=martinstolz@gmail.com, phone=null, image=null, rent=Optional.empty)
2020-03-14 22:24:07 INFO  Manager:115 - Reader.Rent(book=Java the complete reference, startDate=1970-01-01, endDate=1970-01-01)
2020-03-14 22:24:07 INFO  Manager:118 - Result of searching Book(title=Java the complete reference, year=2013, publishing=Optional[St.Peterburg], date=null, countOfInstances=1, image=null, authorsFirstNames=Optional[[]], authorsLastNames=Optional[[]], readersFirstNames=Optional.empty, readersLastNames=Optional.empty)
2020-03-14 22:26:24 INFO  Manager:74 - [{"country":null,"address":"St.Peterburg","index":0,"email":null}]
2020-03-14 22:26:24 INFO  Manager:76 - [Publishing(country=null, address=St.Peterburg, index=0, email=null)]
2020-03-14 22:26:24 INFO  Manager:78 - [{"firstName":"Herbert","lastName":"Schildt","year":0,"gender":null,"note":null}]
2020-03-14 22:26:24 INFO  Manager:80 - [Author(firstName=Herbert, lastName=Schildt, year=0, gender=null, note=null)]
2020-03-14 22:26:25 INFO  Manager:82 - [{"title":"Java the complete reference","year":0,"publishing":"St.Peterburg","date":null,"countOfInstances":0,"image":null,"authorsFirstNames":null,"authorsLastNames":null,"readersFirstNames":["Martin"],"readersLastNames":["Stolz"]},{"title":"Philosophy of java","year":0,"publishing":null,"date":null,"countOfInstances":0,"image":null,"authorsFirstNames":null,"authorsLastNames":null,"readersFirstNames":[],"readersLastNames":[]}]
2020-03-14 22:26:25 INFO  Manager:84 - [Book(title=Java the complete reference, year=0, publishing=Optional[St.Peterburg], date=null, countOfInstances=0, image=null, authorsFirstNames=Optional.empty, authorsLastNames=Optional.empty, readersFirstNames=Optional[[Martin]], readersLastNames=Optional[[Stolz]]), Book(title=Philosophy of java, year=0, publishing=Optional.empty, date=null, countOfInstances=0, image=null, authorsFirstNames=Optional.empty, authorsLastNames=Optional.empty, readersFirstNames=Optional[[]], readersLastNames=Optional[[]])]
2020-03-14 22:26:25 INFO  Manager:86 - [{"firstName":"Alex","lastName":"Novak","year":0,"email":null,"phone":null,"image":null,"rent":null},{"firstName":"Anna","lastName":"Polonskaya","year":0,"email":null,"phone":null,"image":null,"rent":null},{"firstName":"Martin","lastName":"Stolz","year":0,"email":null,"phone":null,"image":null,"rent":{"book":"Java the complete reference","startDate":null,"endDate":null}}]
2020-03-14 22:26:25 INFO  Manager:88 - [Reader(firstName=Alex, lastName=Novak, year=0, email=null, phone=null, image=null, rent=Optional.empty), Reader(firstName=Anna, lastName=Polonskaya, year=0, email=null, phone=null, image=null, rent=Optional.empty), Reader(firstName=Martin, lastName=Stolz, year=0, email=null, phone=null, image=null, rent=Optional[Reader.Rent(book=Java the complete reference, startDate=null, endDate=null)])]
2020-03-14 22:26:25 INFO  Manager:104 - {"firstName":"Herbert","lastName":"Schildt","year":0,"gender":"MAN","note":null}
2020-03-14 22:26:25 INFO  Manager:105 - Author(firstName=Herbert, lastName=Schildt, year=0, gender=MAN, note=null)
2020-03-14 22:26:25 INFO  Manager:107 - {"country":"Russia","address":"St.Peterburg","index":0,"email":null}
2020-03-14 22:26:25 INFO  Manager:108 - Publishing(country=Russia, address=St.Peterburg, index=0, email=null)
2020-03-14 22:26:25 INFO  Manager:110 - {"title":"Java the complete reference","year":2013,"publishing":"St.Peterburg","date":null,"countOfInstances":1,"image":null,"authorsFirstNames":[],"authorsLastNames":[],"readersFirstNames":null,"readersLastNames":null}
2020-03-14 22:26:25 INFO  Manager:111 - Book(title=Java the complete reference, year=2013, publishing=Optional[St.Peterburg], date=null, countOfInstances=1, image=null, authorsFirstNames=Optional[[]], authorsLastNames=Optional[[]], readersFirstNames=Optional.empty, readersLastNames=Optional.empty)
2020-03-14 22:26:25 INFO  Manager:113 - {"firstName":"Martin","lastName":"Stolz","year":1998,"email":"martinstolz@gmail.com","phone":null,"image":null,"rent":null}
2020-03-14 22:26:25 INFO  Manager:114 - Reader(firstName=Martin, lastName=Stolz, year=1998, email=martinstolz@gmail.com, phone=null, image=null, rent=Optional.empty)
2020-03-14 22:26:25 INFO  Manager:115 - Reader.Rent(book=Java the complete reference, startDate=1970-01-01, endDate=1970-01-01)
2020-03-14 22:26:25 INFO  Manager:118 - Result of searching Book(title=Java the complete reference, year=2013, publishing=Optional[St.Peterburg], date=null, countOfInstances=1, image=null, authorsFirstNames=Optional[[]], authorsLastNames=Optional[[]], readersFirstNames=Optional.empty, readersLastNames=Optional.empty)
2020-03-14 22:27:54 INFO  Manager:74 - [{"country":null,"address":"St.Peterburg","index":0,"email":null}]
2020-03-14 22:27:54 INFO  Manager:76 - [Publishing(country=null, address=St.Peterburg, index=0, email=null)]
2020-03-14 22:27:54 INFO  Manager:78 - [{"firstName":"Herbert","lastName":"Schildt","year":0,"gender":null,"note":null}]
2020-03-14 22:27:54 INFO  Manager:80 - [Author(firstName=Herbert, lastName=Schildt, year=0, gender=null, note=null)]
2020-03-14 22:27:54 INFO  Manager:82 - [{"title":"Java the complete reference","year":0,"publishing":"St.Peterburg","date":null,"countOfInstances":0,"image":null,"authorsFirstNames":null,"authorsLastNames":null,"readersFirstNames":["Martin"],"readersLastNames":["Stolz"]},{"title":"Philosophy of java","year":0,"publishing":null,"date":null,"countOfInstances":0,"image":null,"authorsFirstNames":null,"authorsLastNames":null,"readersFirstNames":[],"readersLastNames":[]}]
2020-03-14 22:27:54 INFO  Manager:84 - [Book(title=Java the complete reference, year=0, publishing=Optional[St.Peterburg], date=null, countOfInstances=0, image=null, authorsFirstNames=Optional.empty, authorsLastNames=Optional.empty, readersFirstNames=Optional[[Martin]], readersLastNames=Optional[[Stolz]]), Book(title=Philosophy of java, year=0, publishing=Optional.empty, date=null, countOfInstances=0, image=null, authorsFirstNames=Optional.empty, authorsLastNames=Optional.empty, readersFirstNames=Optional[[]], readersLastNames=Optional[[]])]
2020-03-14 22:27:54 INFO  Manager:86 - [{"firstName":"Alex","lastName":"Novak","year":0,"email":null,"phone":null,"image":null,"rent":null},{"firstName":"Anna","lastName":"Polonskaya","year":0,"email":null,"phone":null,"image":null,"rent":null},{"firstName":"Martin","lastName":"Stolz","year":0,"email":null,"phone":null,"image":null,"rent":{"book":"Java the complete reference","startDate":null,"endDate":null}}]
2020-03-14 22:27:54 INFO  Manager:88 - [Reader(firstName=Alex, lastName=Novak, year=0, email=null, phone=null, image=null, rent=Optional.empty), Reader(firstName=Anna, lastName=Polonskaya, year=0, email=null, phone=null, image=null, rent=Optional.empty), Reader(firstName=Martin, lastName=Stolz, year=0, email=null, phone=null, image=null, rent=Optional[Reader.Rent(book=Java the complete reference, startDate=null, endDate=null)])]
2020-03-14 22:27:54 INFO  Manager:104 - {"firstName":"Herbert","lastName":"Schildt","year":0,"gender":"MAN","note":null}
2020-03-14 22:27:54 INFO  Manager:105 - Author(firstName=Herbert, lastName=Schildt, year=0, gender=MAN, note=null)
2020-03-14 22:27:54 INFO  Manager:107 - {"country":"Russia","address":"St.Peterburg","index":0,"email":null}
2020-03-14 22:27:54 INFO  Manager:108 - Publishing(country=Russia, address=St.Peterburg, index=0, email=null)
2020-03-14 22:27:54 INFO  Manager:110 - {"title":"Java the complete reference","year":2013,"publishing":"St.Peterburg","date":null,"countOfInstances":1,"image":null,"authorsFirstNames":[],"authorsLastNames":[],"readersFirstNames":null,"readersLastNames":null}
2020-03-14 22:27:54 INFO  Manager:111 - Book(title=Java the complete reference, year=2013, publishing=Optional[St.Peterburg], date=null, countOfInstances=1, image=null, authorsFirstNames=Optional[[]], authorsLastNames=Optional[[]], readersFirstNames=Optional.empty, readersLastNames=Optional.empty)
2020-03-14 22:27:54 INFO  Manager:113 - {"firstName":"Martin","lastName":"Stolz","year":1998,"email":"martinstolz@gmail.com","phone":null,"image":null,"rent":null}
2020-03-14 22:27:54 INFO  Manager:114 - Reader(firstName=Martin, lastName=Stolz, year=1998, email=martinstolz@gmail.com, phone=null, image=null, rent=Optional.empty)
2020-03-14 22:27:54 INFO  Manager:115 - Reader.Rent(book=Java the complete reference, startDate=1970-01-01, endDate=1970-01-01)
2020-03-14 22:27:54 INFO  Manager:118 - Result of searching Book(title=Java the complete reference, year=2013, publishing=Optional[St.Peterburg], date=null, countOfInstances=1, image=null, authorsFirstNames=Optional[[]], authorsLastNames=Optional[[]], readersFirstNames=Optional.empty, readersLastNames=Optional.empty)
2020-03-14 22:53:46 INFO  Manager:74 - [{"country":null,"address":"St.Peterburg","index":0,"email":null}]
2020-03-14 22:53:46 INFO  Manager:76 - [Publishing(country=null, address=St.Peterburg, index=0, email=null)]
2020-03-14 22:53:46 INFO  Manager:78 - [{"firstName":"Herbert","lastName":"Schildt","year":0,"gender":null,"note":null}]
2020-03-14 22:53:46 INFO  Manager:80 - [Author(firstName=Herbert, lastName=Schildt, year=0, gender=null, note=null)]
2020-03-14 22:53:46 INFO  Manager:82 - [{"title":"Java the complete reference","year":0,"publishing":"St.Peterburg","date":null,"countOfInstances":0,"image":null,"authorsFirstNames":null,"authorsLastNames":null,"readersFirstNames":["Martin"],"readersLastNames":["Stolz"]},{"title":"Philosophy of java","year":0,"publishing":null,"date":null,"countOfInstances":0,"image":null,"authorsFirstNames":null,"authorsLastNames":null,"readersFirstNames":[],"readersLastNames":[]}]
2020-03-14 22:53:46 INFO  Manager:84 - [Book(title=Java the complete reference, year=0, publishing=Optional[St.Peterburg], date=null, countOfInstances=0, image=null, authorsFirstNames=Optional.empty, authorsLastNames=Optional.empty, readersFirstNames=Optional[[Martin]], readersLastNames=Optional[[Stolz]]), Book(title=Philosophy of java, year=0, publishing=Optional.empty, date=null, countOfInstances=0, image=null, authorsFirstNames=Optional.empty, authorsLastNames=Optional.empty, readersFirstNames=Optional[[]], readersLastNames=Optional[[]])]
2020-03-14 22:53:46 INFO  Manager:86 - [{"firstName":"Alex","lastName":"Novak","year":0,"email":null,"phone":null,"image":null,"rent":null},{"firstName":"Anna","lastName":"Polonskaya","year":0,"email":null,"phone":null,"image":null,"rent":null},{"firstName":"Martin","lastName":"Stolz","year":0,"email":null,"phone":null,"image":null,"rent":{"book":"Java the complete reference","startDate":null,"endDate":null}}]
2020-03-14 22:53:46 INFO  Manager:88 - [Reader(firstName=Alex, lastName=Novak, year=0, email=null, phone=null, image=null, rent=Optional.empty), Reader(firstName=Anna, lastName=Polonskaya, year=0, email=null, phone=null, image=null, rent=Optional.empty), Reader(firstName=Martin, lastName=Stolz, year=0, email=null, phone=null, image=null, rent=Optional[Reader.Rent(book=Java the complete reference, startDate=null, endDate=null)])]
2020-03-14 22:53:46 INFO  Manager:104 - {"firstName":"Herbert","lastName":"Schildt","year":0,"gender":"MAN","note":null}
2020-03-14 22:53:46 INFO  Manager:105 - Author(firstName=Herbert, lastName=Schildt, year=0, gender=MAN, note=null)
2020-03-14 22:53:46 INFO  Manager:107 - {"country":"Russia","address":"St.Peterburg","index":0,"email":null}
2020-03-14 22:53:46 INFO  Manager:108 - Publishing(country=Russia, address=St.Peterburg, index=0, email=null)
2020-03-14 22:53:46 INFO  Manager:110 - {"title":"Java the complete reference","year":2013,"publishing":"St.Peterburg","date":null,"countOfInstances":1,"image":null,"authorsFirstNames":[],"authorsLastNames":[],"readersFirstNames":null,"readersLastNames":null}
2020-03-14 22:53:46 INFO  Manager:111 - Book(title=Java the complete reference, year=2013, publishing=Optional[St.Peterburg], date=null, countOfInstances=1, image=null, authorsFirstNames=Optional[[]], authorsLastNames=Optional[[]], readersFirstNames=Optional.empty, readersLastNames=Optional.empty)
2020-03-14 22:53:46 INFO  Manager:113 - {"firstName":"Martin","lastName":"Stolz","year":1998,"email":"martinstolz@gmail.com","phone":null,"image":null,"rent":null}
2020-03-14 22:53:46 INFO  Manager:114 - Reader(firstName=Martin, lastName=Stolz, year=1998, email=martinstolz@gmail.com, phone=null, image=null, rent=Optional.empty)
2020-03-14 22:53:46 INFO  Manager:115 - Reader.Rent(book=Java the complete reference, startDate=1970-01-01, endDate=1970-01-01)
2020-03-14 22:53:46 INFO  Manager:118 - Result of searching Book(title=Java the complete reference, year=2013, publishing=Optional[St.Peterburg], date=null, countOfInstances=1, image=null, authorsFirstNames=Optional[[]], authorsLastNames=Optional[[]], readersFirstNames=Optional.empty, readersLastNames=Optional.empty)
2020-03-15 20:24:57 INFO  Manager:77 - [{"country":null,"address":"St.Peterburg","index":0,"email":null}]
2020-03-15 20:24:57 INFO  Manager:79 - [Publishing(country=null, address=St.Peterburg, index=0, email=null)]
2020-03-15 20:24:57 INFO  Manager:81 - [{"firstName":"Herbert","lastName":"Schildt","year":0,"gender":null,"note":null}]
2020-03-15 20:24:57 INFO  Manager:83 - [Author(firstName=Herbert, lastName=Schildt, year=0, gender=null, note=null)]
2020-03-15 20:24:57 INFO  Manager:85 - [{"title":"Java the complete reference","year":0,"publishing":"St.Peterburg","date":null,"countOfInstances":0,"image":null,"authorsFirstNames":null,"authorsLastNames":null,"readersFirstNames":["Martin"],"readersLastNames":["Stolz"]},{"title":"Philosophy of java","year":0,"publishing":null,"date":null,"countOfInstances":0,"image":null,"authorsFirstNames":null,"authorsLastNames":null,"readersFirstNames":[],"readersLastNames":[]}]
2020-03-15 20:24:57 INFO  Manager:87 - [Book(title=Java the complete reference, year=0, publishing=Optional[St.Peterburg], date=null, countOfInstances=0, image=null, authorsFirstNames=Optional.empty, authorsLastNames=Optional.empty, readersFirstNames=Optional[[Martin]], readersLastNames=Optional[[Stolz]]), Book(title=Philosophy of java, year=0, publishing=Optional.empty, date=null, countOfInstances=0, image=null, authorsFirstNames=Optional.empty, authorsLastNames=Optional.empty, readersFirstNames=Optional[[]], readersLastNames=Optional[[]])]
2020-03-15 20:24:57 INFO  Manager:89 - [{"firstName":"Alex","lastName":"Novak","year":0,"email":null,"phone":null,"image":null,"rent":null},{"firstName":"Anna","lastName":"Polonskaya","year":0,"email":null,"phone":null,"image":null,"rent":null},{"firstName":"Martin","lastName":"Stolz","year":0,"email":null,"phone":null,"image":null,"rent":{"book":"Java the complete reference","startDate":null,"endDate":null}}]
2020-03-15 20:24:57 INFO  Manager:91 - [Reader(firstName=Alex, lastName=Novak, year=0, email=null, phone=null, image=null, rent=Optional.empty), Reader(firstName=Anna, lastName=Polonskaya, year=0, email=null, phone=null, image=null, rent=Optional.empty), Reader(firstName=Martin, lastName=Stolz, year=0, email=null, phone=null, image=null, rent=Optional[Reader.Rent(book=Java the complete reference, startDate=null, endDate=null)])]
2020-03-15 20:24:57 INFO  Manager:117 - {"firstName":"Herbert","lastName":"Schildt","year":0,"gender":"MAN","note":null}
2020-03-15 20:24:57 INFO  Manager:118 - Author(firstName=Herbert, lastName=Schildt, year=0, gender=MAN, note=null)
2020-03-15 20:24:57 INFO  Manager:120 - {"country":"Russia","address":"St.Peterburg","index":0,"email":null}
2020-03-15 20:24:57 INFO  Manager:121 - Publishing(country=Russia, address=St.Peterburg, index=0, email=null)
2020-03-15 20:24:57 INFO  Manager:123 - {"title":"Java the complete reference","year":2013,"publishing":"St.Peterburg","date":null,"countOfInstances":1,"image":null,"authorsFirstNames":[],"authorsLastNames":[],"readersFirstNames":null,"readersLastNames":null}
2020-03-15 20:24:57 INFO  Manager:124 - Book(title=Java the complete reference, year=2013, publishing=Optional[St.Peterburg], date=null, countOfInstances=1, image=null, authorsFirstNames=Optional[[]], authorsLastNames=Optional[[]], readersFirstNames=Optional.empty, readersLastNames=Optional.empty)
2020-03-15 20:24:57 INFO  Manager:126 - {"firstName":"Martin","lastName":"Stolz","year":1998,"email":"martinstolz@gmail.com","phone":null,"image":null,"rent":null}
2020-03-15 20:24:57 INFO  Manager:127 - Reader(firstName=Martin, lastName=Stolz, year=1998, email=martinstolz@gmail.com, phone=null, image=null, rent=Optional.empty)
2020-03-15 20:24:57 INFO  Manager:128 - Reader.Rent(book=Java the complete reference, startDate=1970-01-01, endDate=1970-01-01)
2020-03-15 20:24:57 INFO  Manager:131 - Result of searching Book(title=Java the complete reference, year=2013, publishing=Optional[St.Peterburg], date=null, countOfInstances=1, image=null, authorsFirstNames=Optional[[]], authorsLastNames=Optional[[]], readersFirstNames=Optional.empty, readersLastNames=Optional.empty)
2020-03-15 20:27:35 ERROR Manager:153 - Excel\Collections.xlsx (Процесс не может получить доступ к файлу, так как этот файл занят другим процессом)
2020-03-15 20:28:38 INFO  Manager:77 - [{"country":null,"address":"St.Peterburg","index":0,"email":null}]
2020-03-15 20:28:38 INFO  Manager:79 - [Publishing(country=null, address=St.Peterburg, index=0, email=null)]
2020-03-15 20:28:38 INFO  Manager:81 - [{"firstName":"Herbert","lastName":"Schildt","year":0,"gender":null,"note":null}]
2020-03-15 20:28:38 INFO  Manager:83 - [Author(firstName=Herbert, lastName=Schildt, year=0, gender=null, note=null)]
2020-03-15 20:28:38 INFO  Manager:85 - [{"title":"Java the complete reference","year":0,"publishing":"St.Peterburg","date":null,"countOfInstances":0,"image":null,"authorsFirstNames":null,"authorsLastNames":null,"readersFirstNames":["Martin"],"readersLastNames":["Stolz"]},{"title":"Philosophy of java","year":0,"publishing":null,"date":null,"countOfInstances":0,"image":null,"authorsFirstNames":null,"authorsLastNames":null,"readersFirstNames":[],"readersLastNames":[]}]
2020-03-15 20:28:38 INFO  Manager:87 - [Book(title=Java the complete reference, year=0, publishing=Optional[St.Peterburg], date=null, countOfInstances=0, image=null, authorsFirstNames=Optional.empty, authorsLastNames=Optional.empty, readersFirstNames=Optional[[Martin]], readersLastNames=Optional[[Stolz]]), Book(title=Philosophy of java, year=0, publishing=Optional.empty, date=null, countOfInstances=0, image=null, authorsFirstNames=Optional.empty, authorsLastNames=Optional.empty, readersFirstNames=Optional[[]], readersLastNames=Optional[[]])]
2020-03-15 20:28:39 INFO  Manager:89 - [{"firstName":"Alex","lastName":"Novak","year":0,"email":null,"phone":null,"image":null,"rent":null},{"firstName":"Anna","lastName":"Polonskaya","year":0,"email":null,"phone":null,"image":null,"rent":null},{"firstName":"Martin","lastName":"Stolz","year":0,"email":null,"phone":null,"image":null,"rent":{"book":"Java the complete reference","startDate":null,"endDate":null}}]
2020-03-15 20:28:39 INFO  Manager:91 - [Reader(firstName=Alex, lastName=Novak, year=0, email=null, phone=null, image=null, rent=Optional.empty), Reader(firstName=Anna, lastName=Polonskaya, year=0, email=null, phone=null, image=null, rent=Optional.empty), Reader(firstName=Martin, lastName=Stolz, year=0, email=null, phone=null, image=null, rent=Optional[Reader.Rent(book=Java the complete reference, startDate=null, endDate=null)])]
2020-03-15 20:28:39 INFO  Manager:120 - {"firstName":"Herbert","lastName":"Schildt","year":0,"gender":"MAN","note":null}
2020-03-15 20:28:39 INFO  Manager:121 - Author(firstName=Herbert, lastName=Schildt, year=0, gender=MAN, note=null)
2020-03-15 20:28:39 INFO  Manager:123 - {"country":"Russia","address":"St.Peterburg","index":0,"email":null}
2020-03-15 20:28:39 INFO  Manager:124 - Publishing(country=Russia, address=St.Peterburg, index=0, email=null)
2020-03-15 20:28:39 INFO  Manager:126 - {"title":"Java the complete reference","year":2013,"publishing":"St.Peterburg","date":null,"countOfInstances":1,"image":null,"authorsFirstNames":[],"authorsLastNames":[],"readersFirstNames":null,"readersLastNames":null}
2020-03-15 20:28:39 INFO  Manager:127 - Book(title=Java the complete reference, year=2013, publishing=Optional[St.Peterburg], date=null, countOfInstances=1, image=null, authorsFirstNames=Optional[[]], authorsLastNames=Optional[[]], readersFirstNames=Optional.empty, readersLastNames=Optional.empty)
2020-03-15 20:28:39 INFO  Manager:129 - {"firstName":"Martin","lastName":"Stolz","year":1998,"email":"martinstolz@gmail.com","phone":null,"image":null,"rent":null}
2020-03-15 20:28:39 INFO  Manager:130 - Reader(firstName=Martin, lastName=Stolz, year=1998, email=martinstolz@gmail.com, phone=null, image=null, rent=Optional.empty)
2020-03-15 20:28:39 INFO  Manager:131 - Reader.Rent(book=Java the complete reference, startDate=1970-01-01, endDate=1970-01-01)
2020-03-15 20:28:39 INFO  Manager:134 - Result of searching Book(title=Java the complete reference, year=2013, publishing=Optional[St.Peterburg], date=null, countOfInstances=1, image=null, authorsFirstNames=Optional[[]], authorsLastNames=Optional[[]], readersFirstNames=Optional.empty, readersLastNames=Optional.empty)
2020-03-15 20:34:09 INFO  Manager:77 - [{"country":null,"address":"St.Peterburg","index":0,"email":null}]
2020-03-15 20:34:09 INFO  Manager:79 - [Publishing(country=null, address=St.Peterburg, index=0, email=null)]
2020-03-15 20:34:09 INFO  Manager:81 - [{"firstName":"Herbert","lastName":"Schildt","year":0,"gender":null,"note":null}]
2020-03-15 20:34:09 INFO  Manager:83 - [Author(firstName=Herbert, lastName=Schildt, year=0, gender=null, note=null)]
2020-03-15 20:34:09 INFO  Manager:85 - [{"title":"Java the complete reference","year":0,"publishing":"St.Peterburg","date":null,"countOfInstances":0,"image":null,"authorsFirstNames":null,"authorsLastNames":null,"readersFirstNames":["Martin"],"readersLastNames":["Stolz"]},{"title":"Philosophy of java","year":0,"publishing":null,"date":null,"countOfInstances":0,"image":null,"authorsFirstNames":null,"authorsLastNames":null,"readersFirstNames":[],"readersLastNames":[]}]
2020-03-15 20:34:09 INFO  Manager:87 - [Book(title=Java the complete reference, year=0, publishing=Optional[St.Peterburg], date=null, countOfInstances=0, image=null, authorsFirstNames=Optional.empty, authorsLastNames=Optional.empty, readersFirstNames=Optional[[Martin]], readersLastNames=Optional[[Stolz]]), Book(title=Philosophy of java, year=0, publishing=Optional.empty, date=null, countOfInstances=0, image=null, authorsFirstNames=Optional.empty, authorsLastNames=Optional.empty, readersFirstNames=Optional[[]], readersLastNames=Optional[[]])]
2020-03-15 20:34:09 INFO  Manager:89 - [{"firstName":"Alex","lastName":"Novak","year":0,"email":null,"phone":null,"image":null,"rent":null},{"firstName":"Anna","lastName":"Polonskaya","year":0,"email":null,"phone":null,"image":null,"rent":null},{"firstName":"Martin","lastName":"Stolz","year":0,"email":null,"phone":null,"image":null,"rent":{"book":"Java the complete reference","startDate":null,"endDate":null}}]
2020-03-15 20:34:09 INFO  Manager:91 - [Reader(firstName=Alex, lastName=Novak, year=0, email=null, phone=null, image=null, rent=Optional.empty), Reader(firstName=Anna, lastName=Polonskaya, year=0, email=null, phone=null, image=null, rent=Optional.empty), Reader(firstName=Martin, lastName=Stolz, year=0, email=null, phone=null, image=null, rent=Optional[Reader.Rent(book=Java the complete reference, startDate=null, endDate=null)])]
2020-03-15 20:34:10 INFO  Manager:107 - Publishing(country=null, address=St.Peterburg, index=0, email=null)
2020-03-15 20:34:10 INFO  Manager:124 - {"firstName":"Herbert","lastName":"Schildt","year":0,"gender":"MAN","note":null}
2020-03-15 20:34:10 INFO  Manager:125 - Author(firstName=Herbert, lastName=Schildt, year=0, gender=MAN, note=null)
2020-03-15 20:34:10 INFO  Manager:127 - {"country":"Russia","address":"St.Peterburg","index":0,"email":null}
2020-03-15 20:34:10 INFO  Manager:128 - Publishing(country=Russia, address=St.Peterburg, index=0, email=null)
2020-03-15 20:34:10 INFO  Manager:130 - {"title":"Java the complete reference","year":2013,"publishing":"St.Peterburg","date":null,"countOfInstances":1,"image":null,"authorsFirstNames":[],"authorsLastNames":[],"readersFirstNames":null,"readersLastNames":null}
2020-03-15 20:34:10 INFO  Manager:131 - Book(title=Java the complete reference, year=2013, publishing=Optional[St.Peterburg], date=null, countOfInstances=1, image=null, authorsFirstNames=Optional[[]], authorsLastNames=Optional[[]], readersFirstNames=Optional.empty, readersLastNames=Optional.empty)
2020-03-15 20:34:10 INFO  Manager:133 - {"firstName":"Martin","lastName":"Stolz","year":1998,"email":"martinstolz@gmail.com","phone":null,"image":null,"rent":null}
2020-03-15 20:34:10 INFO  Manager:134 - Reader(firstName=Martin, lastName=Stolz, year=1998, email=martinstolz@gmail.com, phone=null, image=null, rent=Optional.empty)
2020-03-15 20:34:10 INFO  Manager:135 - Reader.Rent(book=Java the complete reference, startDate=1970-01-01, endDate=1970-01-01)
2020-03-15 20:34:10 INFO  Manager:138 - Result of searching Book(title=Java the complete reference, year=2013, publishing=Optional[St.Peterburg], date=null, countOfInstances=1, image=null, authorsFirstNames=Optional[[]], authorsLastNames=Optional[[]], readersFirstNames=Optional.empty, readersLastNames=Optional.empty)
2020-03-15 20:42:20 INFO  Manager:77 - [{"country":null,"address":"St.Peterburg","index":0,"email":null}]
2020-03-15 20:42:20 INFO  Manager:79 - [Publishing(country=null, address=St.Peterburg, index=0, email=null)]
2020-03-15 20:42:20 INFO  Manager:81 - [{"firstName":"Herbert","lastName":"Schildt","year":0,"gender":null,"note":null}]
2020-03-15 20:42:20 INFO  Manager:83 - [Author(firstName=Herbert, lastName=Schildt, year=0, gender=null, note=null)]
2020-03-15 20:42:20 INFO  Manager:85 - [{"title":"Java the complete reference","year":0,"publishing":"St.Peterburg","date":null,"countOfInstances":0,"image":null,"authorsFirstNames":null,"authorsLastNames":null,"readersFirstNames":["Martin"],"readersLastNames":["Stolz"]},{"title":"Philosophy of java","year":0,"publishing":null,"date":null,"countOfInstances":0,"image":null,"authorsFirstNames":null,"authorsLastNames":null,"readersFirstNames":[],"readersLastNames":[]}]
2020-03-15 20:42:20 INFO  Manager:87 - [Book(title=Java the complete reference, year=0, publishing=Optional[St.Peterburg], date=null, countOfInstances=0, image=null, authorsFirstNames=Optional.empty, authorsLastNames=Optional.empty, readersFirstNames=Optional[[Martin]], readersLastNames=Optional[[Stolz]]), Book(title=Philosophy of java, year=0, publishing=Optional.empty, date=null, countOfInstances=0, image=null, authorsFirstNames=Optional.empty, authorsLastNames=Optional.empty, readersFirstNames=Optional[[]], readersLastNames=Optional[[]])]
2020-03-15 20:42:20 INFO  Manager:89 - [{"firstName":"Alex","lastName":"Novak","year":0,"email":null,"phone":null,"image":null,"rent":null},{"firstName":"Anna","lastName":"Polonskaya","year":0,"email":null,"phone":null,"image":null,"rent":null},{"firstName":"Martin","lastName":"Stolz","year":0,"email":null,"phone":null,"image":null,"rent":{"book":"Java the complete reference","startDate":null,"endDate":null}}]
2020-03-15 20:42:20 INFO  Manager:91 - [Reader(firstName=Alex, lastName=Novak, year=0, email=null, phone=null, image=null, rent=Optional.empty), Reader(firstName=Anna, lastName=Polonskaya, year=0, email=null, phone=null, image=null, rent=Optional.empty), Reader(firstName=Martin, lastName=Stolz, year=0, email=null, phone=null, image=null, rent=Optional[Reader.Rent(book=Java the complete reference, startDate=null, endDate=null)])]
2020-03-15 20:42:20 INFO  Manager:107 - Publishing(country=null, address=St.Peterburg, index=0, email=null)
2020-03-15 20:42:20 INFO  Manager:127 - Author(firstName=Herbert, lastName=Schildt, year=0, gender=null, note=null)
2020-03-15 21:07:34 INFO  Manager:77 - [{"country":null,"address":"St.Peterburg","index":0,"email":null}]
2020-03-15 21:07:34 INFO  Manager:79 - [Publishing(country=null, address=St.Peterburg, index=0, email=null)]
2020-03-15 21:07:34 INFO  Manager:81 - [{"firstName":"Herbert","lastName":"Schildt","year":0,"gender":null,"note":null}]
2020-03-15 21:07:34 INFO  Manager:83 - [Author(firstName=Herbert, lastName=Schildt, year=0, gender=null, note=null)]
2020-03-15 21:07:34 INFO  Manager:85 - [{"title":"Java the complete reference","year":0,"publishing":"St.Peterburg","date":null,"countOfInstances":0,"image":null,"authorsFirstNames":null,"authorsLastNames":null,"readersFirstNames":["Martin"],"readersLastNames":["Stolz"]},{"title":"Philosophy of java","year":0,"publishing":null,"date":null,"countOfInstances":0,"image":null,"authorsFirstNames":null,"authorsLastNames":null,"readersFirstNames":[],"readersLastNames":[]}]
2020-03-15 21:07:34 INFO  Manager:87 - [Book(title=Java the complete reference, year=0, publishing=Optional[St.Peterburg], date=null, countOfInstances=0, image=null, authorsFirstNames=Optional.empty, authorsLastNames=Optional.empty, readersFirstNames=Optional[[Martin]], readersLastNames=Optional[[Stolz]]), Book(title=Philosophy of java, year=0, publishing=Optional.empty, date=null, countOfInstances=0, image=null, authorsFirstNames=Optional.empty, authorsLastNames=Optional.empty, readersFirstNames=Optional[[]], readersLastNames=Optional[[]])]
2020-03-15 21:07:34 INFO  Manager:89 - [{"firstName":"Alex","lastName":"Novak","year":0,"email":null,"phone":null,"image":null,"rent":null},{"firstName":"Anna","lastName":"Polonskaya","year":0,"email":null,"phone":null,"image":null,"rent":null},{"firstName":"Martin","lastName":"Stolz","year":0,"email":null,"phone":null,"image":null,"rent":{"book":"Java the complete reference","startDate":null,"endDate":null}}]
2020-03-15 21:07:34 INFO  Manager:91 - [Reader(firstName=Alex, lastName=Novak, year=0, email=null, phone=null, image=null, rent=Optional.empty), Reader(firstName=Anna, lastName=Polonskaya, year=0, email=null, phone=null, image=null, rent=Optional.empty), Reader(firstName=Martin, lastName=Stolz, year=0, email=null, phone=null, image=null, rent=Optional[Reader.Rent(book=Java the complete reference, startDate=null, endDate=null)])]
2020-03-15 21:07:34 INFO  Manager:107 - Publishing(country=null, address=St.Peterburg, index=0, email=null)
2020-03-15 21:07:34 INFO  Manager:127 - Author(firstName=Herbert, lastName=Schildt, year=0, gender=null, note=null)
2020-03-15 21:07:34 INFO  Manager:143 - {"firstName":"Herbert","lastName":"Schildt","year":0,"gender":"MAN","note":null}
2020-03-15 21:07:34 INFO  Manager:144 - Author(firstName=Herbert, lastName=Schildt, year=0, gender=MAN, note=null)
2020-03-15 21:07:34 INFO  Manager:146 - {"country":"Russia","address":"St.Peterburg","index":0,"email":null}
2020-03-15 21:07:34 INFO  Manager:147 - Publishing(country=Russia, address=St.Peterburg, index=0, email=null)
2020-03-15 21:07:34 INFO  Manager:149 - {"title":"Java the complete reference","year":2013,"publishing":"St.Peterburg","date":null,"countOfInstances":1,"image":null,"authorsFirstNames":[],"authorsLastNames":[],"readersFirstNames":null,"readersLastNames":null}
2020-03-15 21:07:34 INFO  Manager:150 - Book(title=Java the complete reference, year=2013, publishing=Optional[St.Peterburg], date=null, countOfInstances=1, image=null, authorsFirstNames=Optional[[]], authorsLastNames=Optional[[]], readersFirstNames=Optional.empty, readersLastNames=Optional.empty)
2020-03-15 21:07:34 INFO  Manager:152 - {"firstName":"Martin","lastName":"Stolz","year":1998,"email":"martinstolz@gmail.com","phone":null,"image":null,"rent":null}
2020-03-15 21:07:34 INFO  Manager:153 - Reader(firstName=Martin, lastName=Stolz, year=1998, email=martinstolz@gmail.com, phone=null, image=null, rent=Optional.empty)
2020-03-15 21:07:34 INFO  Manager:154 - Reader.Rent(book=Java the complete reference, startDate=1970-01-01, endDate=1970-01-01)
2020-03-15 21:07:34 INFO  Manager:157 - Result of searching Book(title=Java the complete reference, year=2013, publishing=Optional[St.Peterburg], date=null, countOfInstances=1, image=null, authorsFirstNames=Optional[[]], authorsLastNames=Optional[[]], readersFirstNames=Optional.empty, readersLastNames=Optional.empty)
2020-03-15 21:41:03 ERROR Manager:209 - Excel\Collections.xlsx (Процесс не может получить доступ к файлу, так как этот файл занят другим процессом)
2020-03-15 21:41:34 INFO  Manager:77 - [{"country":null,"address":"St.Peterburg","index":0,"email":null}]
2020-03-15 21:41:34 INFO  Manager:79 - [Publishing(country=null, address=St.Peterburg, index=0, email=null)]
2020-03-15 21:41:34 INFO  Manager:81 - [{"firstName":"Herbert","lastName":"Schildt","year":0,"gender":null,"note":null}]
2020-03-15 21:41:34 INFO  Manager:83 - [Author(firstName=Herbert, lastName=Schildt, year=0, gender=null, note=null)]
2020-03-15 21:41:34 INFO  Manager:85 - [{"title":"Java the complete reference","year":0,"publishing":"St.Peterburg","date":null,"countOfInstances":0,"image":null,"authorsFirstNames":null,"authorsLastNames":null,"readersFirstNames":["Martin"],"readersLastNames":["Stolz"]},{"title":"Philosophy of java","year":0,"publishing":null,"date":null,"countOfInstances":0,"image":null,"authorsFirstNames":null,"authorsLastNames":null,"readersFirstNames":[],"readersLastNames":[]}]
2020-03-15 21:41:34 INFO  Manager:87 - [Book(title=Java the complete reference, year=0, publishing=Optional[St.Peterburg], date=null, countOfInstances=0, image=null, authorsFirstNames=Optional.empty, authorsLastNames=Optional.empty, readersFirstNames=Optional[[Martin]], readersLastNames=Optional[[Stolz]]), Book(title=Philosophy of java, year=0, publishing=Optional.empty, date=null, countOfInstances=0, image=null, authorsFirstNames=Optional.empty, authorsLastNames=Optional.empty, readersFirstNames=Optional[[]], readersLastNames=Optional[[]])]
2020-03-15 21:41:34 INFO  Manager:89 - [{"firstName":"Alex","lastName":"Novak","year":0,"email":null,"phone":null,"image":null,"rent":null},{"firstName":"Anna","lastName":"Polonskaya","year":0,"email":null,"phone":null,"image":null,"rent":null},{"firstName":"Martin","lastName":"Stolz","year":0,"email":null,"phone":null,"image":null,"rent":{"book":"Java the complete reference","startDate":null,"endDate":null}}]
2020-03-15 21:41:34 INFO  Manager:91 - [Reader(firstName=Alex, lastName=Novak, year=0, email=null, phone=null, image=null, rent=Optional.empty), Reader(firstName=Anna, lastName=Polonskaya, year=0, email=null, phone=null, image=null, rent=Optional.empty), Reader(firstName=Martin, lastName=Stolz, year=0, email=null, phone=null, image=null, rent=Optional[Reader.Rent(book=Java the complete reference, startDate=null, endDate=null)])]
2020-03-15 21:41:34 INFO  Manager:107 - Publishing(country=null, address=St.Peterburg, index=0, email=null)
2020-03-15 21:41:34 INFO  Manager:127 - Author(firstName=Herbert, lastName=Schildt, year=0, gender=null, note=null)
2020-03-15 21:41:34 INFO  Manager:159 - Book(title=Java the complete reference, year=0, publishing=Optional[St.Peterburg], date=null, countOfInstances=0, image=null, authorsFirstNames=Optional.empty, authorsLastNames=Optional.empty, readersFirstNames=Optional[[Martin]], readersLastNames=Optional[[Stolz]])
2020-03-15 21:41:34 INFO  Manager:159 - Book(title=Philosophy of java, year=0, publishing=Optional.empty, date=null, countOfInstances=0, image=null, authorsFirstNames=Optional.empty, authorsLastNames=Optional.empty, readersFirstNames=Optional[[]], readersLastNames=Optional[[]])
2020-03-15 21:41:34 INFO  Manager:176 - {"firstName":"Herbert","lastName":"Schildt","year":0,"gender":"MAN","note":null}
2020-03-15 21:41:34 INFO  Manager:177 - Author(firstName=Herbert, lastName=Schildt, year=0, gender=MAN, note=null)
2020-03-15 21:41:34 INFO  Manager:179 - {"country":"Russia","address":"St.Peterburg","index":0,"email":null}
2020-03-15 21:41:34 INFO  Manager:180 - Publishing(country=Russia, address=St.Peterburg, index=0, email=null)
2020-03-15 21:41:35 INFO  Manager:182 - {"title":"Java the complete reference","year":2013,"publishing":"St.Peterburg","date":null,"countOfInstances":1,"image":null,"authorsFirstNames":[],"authorsLastNames":[],"readersFirstNames":null,"readersLastNames":null}
2020-03-15 21:41:35 INFO  Manager:183 - Book(title=Java the complete reference, year=2013, publishing=Optional[St.Peterburg], date=null, countOfInstances=1, image=null, authorsFirstNames=Optional[[]], authorsLastNames=Optional[[]], readersFirstNames=Optional.empty, readersLastNames=Optional.empty)
2020-03-15 21:41:35 INFO  Manager:185 - {"firstName":"Martin","lastName":"Stolz","year":1998,"email":"martinstolz@gmail.com","phone":null,"image":null,"rent":null}
2020-03-15 21:41:35 INFO  Manager:186 - Reader(firstName=Martin, lastName=Stolz, year=1998, email=martinstolz@gmail.com, phone=null, image=null, rent=Optional.empty)
2020-03-15 21:41:35 INFO  Manager:187 - Reader.Rent(book=Java the complete reference, startDate=1970-01-01, endDate=1970-01-01)
2020-03-15 21:41:35 INFO  Manager:190 - Result of searching Book(title=Java the complete reference, year=2013, publishing=Optional[St.Peterburg], date=null, countOfInstances=1, image=null, authorsFirstNames=Optional[[]], authorsLastNames=Optional[[]], readersFirstNames=Optional.empty, readersLastNames=Optional.empty)
2020-03-15 21:59:23 INFO  Manager:77 - [{"country":null,"address":"St.Peterburg","index":0,"email":null}]
2020-03-15 21:59:23 INFO  Manager:79 - [Publishing(country=null, address=St.Peterburg, index=0, email=null)]
2020-03-15 21:59:23 INFO  Manager:81 - [{"firstName":"Herbert","lastName":"Schildt","year":0,"gender":null,"note":null}]
2020-03-15 21:59:23 INFO  Manager:83 - [Author(firstName=Herbert, lastName=Schildt, year=0, gender=null, note=null)]
2020-03-15 21:59:24 INFO  Manager:85 - [{"title":"Java the complete reference","year":0,"publishing":"St.Peterburg","date":null,"countOfInstances":0,"image":null,"authorsFirstNames":null,"authorsLastNames":null,"readersFirstNames":["Martin"],"readersLastNames":["Stolz"]},{"title":"Philosophy of java","year":0,"publishing":null,"date":null,"countOfInstances":0,"image":null,"authorsFirstNames":null,"authorsLastNames":null,"readersFirstNames":[],"readersLastNames":[]}]
2020-03-15 21:59:24 INFO  Manager:87 - [Book(title=Java the complete reference, year=0, publishing=Optional[St.Peterburg], date=null, countOfInstances=0, image=null, authorsFirstNames=Optional.empty, authorsLastNames=Optional.empty, readersFirstNames=Optional[[Martin]], readersLastNames=Optional[[Stolz]]), Book(title=Philosophy of java, year=0, publishing=Optional.empty, date=null, countOfInstances=0, image=null, authorsFirstNames=Optional.empty, authorsLastNames=Optional.empty, readersFirstNames=Optional[[]], readersLastNames=Optional[[]])]
2020-03-15 21:59:24 INFO  Manager:89 - [{"firstName":"Alex","lastName":"Novak","year":0,"email":null,"phone":null,"image":null,"rent":null},{"firstName":"Anna","lastName":"Polonskaya","year":0,"email":null,"phone":null,"image":null,"rent":null},{"firstName":"Martin","lastName":"Stolz","year":0,"email":null,"phone":null,"image":null,"rent":{"book":"Java the complete reference","startDate":null,"endDate":null}}]
2020-03-15 21:59:24 INFO  Manager:91 - [Reader(firstName=Alex, lastName=Novak, year=0, email=null, phone=null, image=null, rent=Optional.empty), Reader(firstName=Anna, lastName=Polonskaya, year=0, email=null, phone=null, image=null, rent=Optional.empty), Reader(firstName=Martin, lastName=Stolz, year=0, email=null, phone=null, image=null, rent=Optional[Reader.Rent(book=Java the complete reference, startDate=null, endDate=null)])]
2020-03-15 21:59:24 INFO  Manager:107 - Publishing(country=null, address=St.Peterburg, index=0, email=null)
2020-03-15 21:59:24 INFO  Manager:127 - Author(firstName=Herbert, lastName=Schildt, year=0, gender=null, note=null)
2020-03-15 21:59:24 INFO  Manager:159 - Book(title=Java the complete reference, year=0, publishing=Optional[St.Peterburg], date=null, countOfInstances=0, image=null, authorsFirstNames=Optional.empty, authorsLastNames=Optional.empty, readersFirstNames=Optional[[Martin]], readersLastNames=Optional[[Stolz]])
2020-03-15 21:59:24 INFO  Manager:159 - Book(title=Philosophy of java, year=0, publishing=Optional.empty, date=null, countOfInstances=0, image=null, authorsFirstNames=Optional.empty, authorsLastNames=Optional.empty, readersFirstNames=Optional[[]], readersLastNames=Optional[[]])
2020-03-15 21:59:24 INFO  Manager:193 - Reader(firstName=Alex, lastName=Novak, year=0, email=null, phone=null, image=null, rent=Optional.empty)
2020-03-15 21:59:24 INFO  Manager:193 - Reader(firstName=Anna, lastName=Polonskaya, year=0, email=null, phone=null, image=null, rent=Optional.empty)
2020-03-15 21:59:24 INFO  Manager:193 - Reader(firstName=Martin, lastName=Stolz, year=0, email=null, phone=null, image=null, rent=Optional[Reader.Rent(book=Java the complete reference, startDate=null, endDate=null)])
2020-03-15 21:59:24 INFO  Manager:208 - {"firstName":"Herbert","lastName":"Schildt","year":0,"gender":"MAN","note":null}
2020-03-15 21:59:24 INFO  Manager:209 - Author(firstName=Herbert, lastName=Schildt, year=0, gender=MAN, note=null)
2020-03-15 21:59:24 INFO  Manager:211 - {"country":"Russia","address":"St.Peterburg","index":0,"email":null}
2020-03-15 21:59:24 INFO  Manager:212 - Publishing(country=Russia, address=St.Peterburg, index=0, email=null)
2020-03-15 21:59:24 INFO  Manager:214 - {"title":"Java the complete reference","year":2013,"publishing":"St.Peterburg","date":null,"countOfInstances":1,"image":null,"authorsFirstNames":[],"authorsLastNames":[],"readersFirstNames":null,"readersLastNames":null}
2020-03-15 21:59:24 INFO  Manager:215 - Book(title=Java the complete reference, year=2013, publishing=Optional[St.Peterburg], date=null, countOfInstances=1, image=null, authorsFirstNames=Optional[[]], authorsLastNames=Optional[[]], readersFirstNames=Optional.empty, readersLastNames=Optional.empty)
2020-03-15 21:59:24 INFO  Manager:217 - {"firstName":"Martin","lastName":"Stolz","year":1998,"email":"martinstolz@gmail.com","phone":null,"image":null,"rent":null}
2020-03-15 21:59:24 INFO  Manager:218 - Reader(firstName=Martin, lastName=Stolz, year=1998, email=martinstolz@gmail.com, phone=null, image=null, rent=Optional.empty)
2020-03-15 21:59:24 INFO  Manager:219 - Reader.Rent(book=Java the complete reference, startDate=1970-01-01, endDate=1970-01-01)
2020-03-15 21:59:24 INFO  Manager:222 - Result of searching Book(title=Java the complete reference, year=2013, publishing=Optional[St.Peterburg], date=null, countOfInstances=1, image=null, authorsFirstNames=Optional[[]], authorsLastNames=Optional[[]], readersFirstNames=Optional.empty, readersLastNames=Optional.empty)
